<?xml version="1.0" encoding="UTF-8"?>
<!-- Generated by org.testng.reporters.JUnitXMLReporter -->
<testsuite ignored="0" hostname="IN-PG0352G7" failures="0" tests="4" name="Default test" time="7.065" errors="0" timestamp="2023-08-23T14:31:17 IST">
  <testcase classname="com.herokuapp.test.UserTest_for_Add_PartialUpdate_DeleteBooking" name="createToken" time="2.86"/>
  <testcase classname="com.herokuapp.test.UserTest_for_Add_PartialUpdate_DeleteBooking" name="testcreateBooking" time="1.66"/>
  <testcase classname="com.herokuapp.test.UserTest_for_Add_PartialUpdate_DeleteBooking" name="partiallupdatecreatedBooking" time="1.215"/>
  <testcase classname="com.herokuapp.test.UserTest_for_Add_PartialUpdate_DeleteBooking" name="deleteBooking" time="1.162"/>
</testsuite> <!-- Default test -->
