<?xml version="1.0" encoding="UTF-8"?>
<!-- Generated by org.testng.reporters.JUnitXMLReporter -->
<testsuite ignored="0" hostname="IN-PG0352G7" failures="0" tests="8" name="Test" time="12.458" errors="0" timestamp="2023-08-23T15:03:04 IST">
  <testcase classname="com.herokuapp.test.UserTest_for_Add_Update_GetBooking" name="createToken" time="2.972"/>
  <testcase classname="com.herokuapp.test.UserTest_for_Add_Update_GetBooking" name="testcreateBooking" time="1.675"/>
  <testcase classname="com.herokuapp.test.UserTest_for_Add_Update_GetBooking" name="updatecreatedBooking" time="1.211"/>
  <testcase classname="com.herokuapp.test.UserTest_for_Add_Update_GetBooking" name="getBooking" time="1.192"/>
  <testcase classname="com.herokuapp.test.UserTest_for_Add_PartialUpdate_DeleteBooking" name="createToken" time="1.223"/>
  <testcase classname="com.herokuapp.test.UserTest_for_Add_PartialUpdate_DeleteBooking" name="testcreateBooking" time="1.252"/>
  <testcase classname="com.herokuapp.test.UserTest_for_Add_PartialUpdate_DeleteBooking" name="partiallupdatecreatedBooking" time="1.176"/>
  <testcase classname="com.herokuapp.test.UserTest_for_Add_PartialUpdate_DeleteBooking" name="deleteBooking" time="1.195"/>
</testsuite> <!-- Test -->
