<?xml version="1.0" encoding="UTF-8"?>
<testng-results ignored="0" total="8" passed="8" failed="0" skipped="0">
  <reporter-output>
  </reporter-output>
  <suite started-at="2023-08-23T15:02:52 IST" name="Suite" finished-at="2023-08-23T15:03:04 IST" duration-ms="12458">
    <groups>
    </groups>
    <test started-at="2023-08-23T15:02:52 IST" name="Test" finished-at="2023-08-23T15:03:04 IST" duration-ms="12458">
      <class name="com.herokuapp.test.UserTest_for_Add_Update_GetBooking">
        <test-method is-config="true" signature="setUp()[pri:0, instance:com.herokuapp.test.UserTest_for_Add_Update_GetBooking@30ea8c23]" started-at="2023-08-23T15:02:52 IST" name="setUp" finished-at="2023-08-23T15:02:52 IST" duration-ms="223" status="PASS">
          <reporter-output>
          </reporter-output>
        </test-method> <!-- setUp -->
        <test-method signature="createToken()[pri:0, instance:com.herokuapp.test.UserTest_for_Add_Update_GetBooking@30ea8c23]" started-at="2023-08-23T15:02:52 IST" name="createToken" finished-at="2023-08-23T15:02:55 IST" duration-ms="2972" status="PASS">
          <reporter-output>
          </reporter-output>
        </test-method> <!-- createToken -->
        <test-method signature="testcreateBooking()[pri:1, instance:com.herokuapp.test.UserTest_for_Add_Update_GetBooking@30ea8c23]" started-at="2023-08-23T15:02:55 IST" name="testcreateBooking" finished-at="2023-08-23T15:02:57 IST" duration-ms="1675" status="PASS">
          <reporter-output>
          </reporter-output>
        </test-method> <!-- testcreateBooking -->
        <test-method signature="updatecreatedBooking()[pri:2, instance:com.herokuapp.test.UserTest_for_Add_Update_GetBooking@30ea8c23]" started-at="2023-08-23T15:02:57 IST" name="updatecreatedBooking" finished-at="2023-08-23T15:02:58 IST" duration-ms="1211" status="PASS">
          <reporter-output>
          </reporter-output>
        </test-method> <!-- updatecreatedBooking -->
        <test-method signature="getBooking()[pri:3, instance:com.herokuapp.test.UserTest_for_Add_Update_GetBooking@30ea8c23]" started-at="2023-08-23T15:02:58 IST" name="getBooking" finished-at="2023-08-23T15:02:59 IST" duration-ms="1192" status="PASS">
          <reporter-output>
          </reporter-output>
        </test-method> <!-- getBooking -->
      </class> <!-- com.herokuapp.test.UserTest_for_Add_Update_GetBooking -->
      <class name="com.herokuapp.test.UserTest_for_Add_PartialUpdate_DeleteBooking">
        <test-method is-config="true" signature="setUp()[pri:0, instance:com.herokuapp.test.UserTest_for_Add_PartialUpdate_DeleteBooking@5d465e4b]" started-at="2023-08-23T15:02:59 IST" name="setUp" finished-at="2023-08-23T15:02:59 IST" duration-ms="36" status="PASS">
          <reporter-output>
          </reporter-output>
        </test-method> <!-- setUp -->
        <test-method signature="createToken()[pri:0, instance:com.herokuapp.test.UserTest_for_Add_PartialUpdate_DeleteBooking@5d465e4b]" started-at="2023-08-23T15:02:59 IST" name="createToken" finished-at="2023-08-23T15:03:00 IST" duration-ms="1223" status="PASS">
          <reporter-output>
          </reporter-output>
        </test-method> <!-- createToken -->
        <test-method signature="testcreateBooking()[pri:1, instance:com.herokuapp.test.UserTest_for_Add_PartialUpdate_DeleteBooking@5d465e4b]" started-at="2023-08-23T15:03:00 IST" name="testcreateBooking" finished-at="2023-08-23T15:03:02 IST" duration-ms="1252" status="PASS">
          <reporter-output>
          </reporter-output>
        </test-method> <!-- testcreateBooking -->
        <test-method signature="partiallupdatecreatedBooking()[pri:2, instance:com.herokuapp.test.UserTest_for_Add_PartialUpdate_DeleteBooking@5d465e4b]" started-at="2023-08-23T15:03:02 IST" name="partiallupdatecreatedBooking" finished-at="2023-08-23T15:03:03 IST" duration-ms="1176" status="PASS">
          <reporter-output>
          </reporter-output>
        </test-method> <!-- partiallupdatecreatedBooking -->
        <test-method signature="deleteBooking()[pri:3, instance:com.herokuapp.test.UserTest_for_Add_PartialUpdate_DeleteBooking@5d465e4b]" started-at="2023-08-23T15:03:03 IST" name="deleteBooking" finished-at="2023-08-23T15:03:04 IST" duration-ms="1195" status="PASS">
          <reporter-output>
          </reporter-output>
        </test-method> <!-- deleteBooking -->
      </class> <!-- com.herokuapp.test.UserTest_for_Add_PartialUpdate_DeleteBooking -->
    </test> <!-- Test -->
  </suite> <!-- Suite -->
</testng-results>
